<?xml version="1.0" encoding="UTF-8"?>
<testsuites name="TS Entry Transaksi" time="17.102" tests="2" failures="0" errors="0">
   <testsuite name="TS Entry Transaksi" tests="2" failures="0" errors="0" time="17.102" timestamp="2020-07-15 16:30:52" hostname="doni - DESKTOP-V891JNP.developement.praisindo.com" id="Test Suites/TS Entry Transaksi">
      <properties>
         <property name="deviceName" value=""/>
         <property name="devicePlatform" value=""/>
         <property name="logFolder" value="C:\\Users\\doni\\git\\DemoKatalon\\Reports\\20200715_163032\\TS Entry Transaksi\\20200715_163032"/>
         <property name="logFiles" value="C:\\Users\\doni\\git\\DemoKatalon\\Reports\\20200715_163032\\TS Entry Transaksi\\20200715_163032\\execution0.log"/>
         <property name="attachments" value=""/>
         <property name="hostName" value="doni - DESKTOP-V891JNP.developement.praisindo.com"/>
         <property name="os" value="Windows 10 64bit"/>
         <property name="katalonVersion" value="7.5.5.1"/>
         <property name="browser" value="Firefox 78.0"/>
         <property name="hostAddress" value="10.254.27.18"/>
         <property name="sessionId" value="5348e7d1-75c4-4453-b1b5-1a21c8681a6e"/>
         <property name="seleniumVersion" value="3.141.59"/>
         <property name="proxyInformation" value="ProxyInformation { proxyOption=NO_PROXY, proxyServerType=HTTP, username=, password=********, proxyServerAddress=, proxyServerPort=0, executionList=\&quot;\&quot;, isApplyToDesiredCapabilities=true }"/>
         <property name="platform" value="Windows 10"/>
      </properties>
      <testcase name="Test Cases/Login WMS" time="12.153" classname="Test Cases/Login WMS" status="PASSED">
         <system-out><![CDATA[2020-07-15 16:30:52 - [TEST_CASE][PASSED] - Test Cases/Login WMS: Test Cases/Login WMS

2020-07-15 16:30:53 - [TEST_STEP][PASSED] - openBrowser(""): Browser is opened with url: ''

2020-07-15 16:30:53 - [MESSAGE][INFO] - Starting 'Firefox' driver

2020-07-15 16:30:53 - [MESSAGE][INFO] - Action delay is set to 0 milliseconds

2020-07-15 16:30:58 - [MESSAGE][PASSED] - Browser is opened with url: ''

2020-07-15 16:30:58 - [TEST_STEP][PASSED] - navigateToUrl("https://napoleon.praisindo.com/BTPN/SSO/LoginPages/4/Login.html"): Navigate to 'https://napoleon.praisindo.com/BTPN/SSO/LoginPages/4/Login.html' successfully

2020-07-15 16:30:59 - [MESSAGE][PASSED] - Navigate to 'https://napoleon.praisindo.com/BTPN/SSO/LoginPages/4/Login.html' successfully

2020-07-15 16:30:59 - [TEST_STEP][PASSED] - setText(findTestObject("Object Repository/Page_Login  Wealth Management System/input_Wealth Management System_UserID"), "andreas"): Text 'andreas' is set on object 'Object Repository/Page_Login  Wealth Management System/input_Wealth Management System_UserID'

2020-07-15 16:31:00 - [MESSAGE][PASSED] - Text 'andreas' is set on object 'Object Repository/Page_Login  Wealth Management System/input_Wealth Management System_UserID'

2020-07-15 16:31:00 - [TEST_STEP][PASSED] - setEncryptedText(findTestObject("Object Repository/Page_Login  Wealth Management System/input_Wealth Management System_Password"), "tzH6RvlfSTg="): Text ****** has been set on object 'Object Repository/Page_Login  Wealth Management System/input_Wealth Management System_Password'

2020-07-15 16:31:00 - [MESSAGE][PASSED] - Text ****** has been set on object 'Object Repository/Page_Login  Wealth Management System/input_Wealth Management System_Password'

2020-07-15 16:31:00 - [TEST_STEP][PASSED] - click(findTestObject("Object Repository/Page_Login  Wealth Management System/input_Wealth Management System_btnLogin")): Object: 'Object Repository/Page_Login  Wealth Management System/input_Wealth Management System_btnLogin' is clicked on

2020-07-15 16:31:04 - [MESSAGE][PASSED] - Object: 'Object Repository/Page_Login  Wealth Management System/input_Wealth Management System_btnLogin' is clicked on]]></system-out>
         <system-err><![CDATA[]]></system-err>
      </testcase>
      <testcase name="Test Cases/Menu Entry Transaksi" time="3.432" classname="Test Cases/Menu Entry Transaksi" status="PASSED">
         <system-out><![CDATA[2020-07-15 16:31:04 - [TEST_CASE][PASSED] - Test Cases/Menu Entry Transaksi: Test Cases/Menu Entry Transaksi

2020-07-15 16:31:05 - [TEST_STEP][PASSED] - click(findTestObject("MenuTransaksiEntry/img_SIAR_x-tree-ec-icon x-tree-elbow-plus")): Object: 'Object Repository/MenuTransaksiEntry/img_SIAR_x-tree-ec-icon x-tree-elbow-plus' is clicked on

2020-07-15 16:31:05 - [MESSAGE][PASSED] - Object: 'Object Repository/MenuTransaksiEntry/img_SIAR_x-tree-ec-icon x-tree-elbow-plus' is clicked on

2020-07-15 16:31:05 - [TEST_STEP][PASSED] - click(findTestObject("MenuTransaksiEntry/img_Transaksi1_x-tree-ec-icon x-tree-elbow-plus")): Object: 'Object Repository/MenuTransaksiEntry/img_Transaksi1_x-tree-ec-icon x-tree-elbow-plus' is clicked on

2020-07-15 16:31:06 - [MESSAGE][PASSED] - Object: 'Object Repository/MenuTransaksiEntry/img_Transaksi1_x-tree-ec-icon x-tree-elbow-plus' is clicked on

2020-07-15 16:31:06 - [TEST_STEP][PASSED] - click(findTestObject("MenuTransaksiEntry/img_Entry_x-tree-ec-icon x-tree-elbow-plus")): Object: 'Object Repository/MenuTransaksiEntry/img_Entry_x-tree-ec-icon x-tree-elbow-plus' is clicked on

2020-07-15 16:31:07 - [MESSAGE][PASSED] - Object: 'Object Repository/MenuTransaksiEntry/img_Entry_x-tree-ec-icon x-tree-elbow-plus' is clicked on

2020-07-15 16:31:07 - [TEST_STEP][PASSED] - click(findTestObject("MenuTransaksiEntry/span_Inquiry Customer")): Object: 'Object Repository/MenuTransaksiEntry/span_Inquiry Customer' is clicked on

2020-07-15 16:31:08 - [MESSAGE][PASSED] - Object: 'Object Repository/MenuTransaksiEntry/span_Inquiry Customer' is clicked on]]></system-out>
         <system-err><![CDATA[]]></system-err>
      </testcase>
      <system-out><![CDATA[2020-07-15 16:30:52 - [TEST_SUITE][PASSED] - TS Entry Transaksi: Test Cases/Menu Entry Transaksi]]></system-out>
      <system-err><![CDATA[]]></system-err>
   </testsuite>
</testsuites>
