<?xml version="1.0" encoding="UTF-8"?>
<testsuites name="TS Entry Transaksi" time="21.97" tests="3" failures="0" errors="0">
   <testsuite name="TS Entry Transaksi" tests="3" failures="0" errors="0" time="21.97" timestamp="2020-07-15 16:42:23" hostname="doni - DESKTOP-V891JNP.developement.praisindo.com" id="Test Suites/TS Entry Transaksi">
      <properties>
         <property name="deviceName" value=""/>
         <property name="devicePlatform" value=""/>
         <property name="logFolder" value="C:\\Users\\doni\\git\\DemoKatalon\\Reports\\20200715_164205\\TS Entry Transaksi\\20200715_164205"/>
         <property name="logFiles" value="C:\\Users\\doni\\git\\DemoKatalon\\Reports\\20200715_164205\\TS Entry Transaksi\\20200715_164205\\execution0.log"/>
         <property name="attachments" value=""/>
         <property name="hostName" value="doni - DESKTOP-V891JNP.developement.praisindo.com"/>
         <property name="os" value="Windows 10 64bit"/>
         <property name="katalonVersion" value="7.5.5.1"/>
         <property name="browser" value="Firefox 78.0"/>
         <property name="hostAddress" value="10.254.27.18"/>
         <property name="sessionId" value="682bbedf-2af9-4e50-983a-427ac67a2169"/>
         <property name="seleniumVersion" value="3.141.59"/>
         <property name="proxyInformation" value="ProxyInformation { proxyOption=NO_PROXY, proxyServerType=HTTP, username=, password=********, proxyServerAddress=, proxyServerPort=0, executionList=\&quot;\&quot;, isApplyToDesiredCapabilities=true }"/>
         <property name="platform" value="Windows 10"/>
      </properties>
      <testcase name="Test Cases/Login WMS" time="12.802" classname="Test Cases/Login WMS" status="PASSED">
         <system-out><![CDATA[2020-07-15 16:42:23 - [TEST_CASE][PASSED] - Test Cases/Login WMS: Test Cases/Login WMS

2020-07-15 16:42:24 - [TEST_STEP][PASSED] - openBrowser(""): Browser is opened with url: ''

2020-07-15 16:42:24 - [MESSAGE][INFO] - Starting 'Firefox' driver

2020-07-15 16:42:25 - [MESSAGE][INFO] - Action delay is set to 0 milliseconds

2020-07-15 16:42:30 - [MESSAGE][PASSED] - Browser is opened with url: ''

2020-07-15 16:42:30 - [TEST_STEP][PASSED] - navigateToUrl("https://napoleon.praisindo.com/BTPN/SSO/LoginPages/4/Login.html"): Navigate to 'https://napoleon.praisindo.com/BTPN/SSO/LoginPages/4/Login.html' successfully

2020-07-15 16:42:31 - [MESSAGE][PASSED] - Navigate to 'https://napoleon.praisindo.com/BTPN/SSO/LoginPages/4/Login.html' successfully

2020-07-15 16:42:31 - [TEST_STEP][PASSED] - setText(findTestObject("Object Repository/Page_Login  Wealth Management System/input_Wealth Management System_UserID"), "andreas"): Text 'andreas' is set on object 'Object Repository/Page_Login  Wealth Management System/input_Wealth Management System_UserID'

2020-07-15 16:42:32 - [MESSAGE][PASSED] - Text 'andreas' is set on object 'Object Repository/Page_Login  Wealth Management System/input_Wealth Management System_UserID'

2020-07-15 16:42:32 - [TEST_STEP][PASSED] - setEncryptedText(findTestObject("Object Repository/Page_Login  Wealth Management System/input_Wealth Management System_Password"), "tzH6RvlfSTg="): Text ****** has been set on object 'Object Repository/Page_Login  Wealth Management System/input_Wealth Management System_Password'

2020-07-15 16:42:32 - [MESSAGE][PASSED] - Text ****** has been set on object 'Object Repository/Page_Login  Wealth Management System/input_Wealth Management System_Password'

2020-07-15 16:42:32 - [TEST_STEP][PASSED] - click(findTestObject("Object Repository/Page_Login  Wealth Management System/input_Wealth Management System_btnLogin")): Object: 'Object Repository/Page_Login  Wealth Management System/input_Wealth Management System_btnLogin' is clicked on

2020-07-15 16:42:36 - [MESSAGE][PASSED] - Object: 'Object Repository/Page_Login  Wealth Management System/input_Wealth Management System_btnLogin' is clicked on]]></system-out>
         <system-err><![CDATA[]]></system-err>
      </testcase>
      <testcase name="Test Cases/Menu Entry Transaksi" time="3.4" classname="Test Cases/Menu Entry Transaksi" status="PASSED">
         <system-out><![CDATA[2020-07-15 16:42:36 - [TEST_CASE][PASSED] - Test Cases/Menu Entry Transaksi: Test Cases/Menu Entry Transaksi

2020-07-15 16:42:37 - [TEST_STEP][PASSED] - click(findTestObject("MenuTransaksiEntry/img_SIAR_x-tree-ec-icon x-tree-elbow-plus")): Object: 'Object Repository/MenuTransaksiEntry/img_SIAR_x-tree-ec-icon x-tree-elbow-plus' is clicked on

2020-07-15 16:42:37 - [MESSAGE][PASSED] - Object: 'Object Repository/MenuTransaksiEntry/img_SIAR_x-tree-ec-icon x-tree-elbow-plus' is clicked on

2020-07-15 16:42:37 - [TEST_STEP][PASSED] - click(findTestObject("MenuTransaksiEntry/img_Transaksi1_x-tree-ec-icon x-tree-elbow-plus")): Object: 'Object Repository/MenuTransaksiEntry/img_Transaksi1_x-tree-ec-icon x-tree-elbow-plus' is clicked on

2020-07-15 16:42:38 - [MESSAGE][PASSED] - Object: 'Object Repository/MenuTransaksiEntry/img_Transaksi1_x-tree-ec-icon x-tree-elbow-plus' is clicked on

2020-07-15 16:42:38 - [TEST_STEP][PASSED] - click(findTestObject("MenuTransaksiEntry/img_Entry_x-tree-ec-icon x-tree-elbow-plus")): Object: 'Object Repository/MenuTransaksiEntry/img_Entry_x-tree-ec-icon x-tree-elbow-plus' is clicked on

2020-07-15 16:42:39 - [MESSAGE][PASSED] - Object: 'Object Repository/MenuTransaksiEntry/img_Entry_x-tree-ec-icon x-tree-elbow-plus' is clicked on

2020-07-15 16:42:39 - [TEST_STEP][PASSED] - click(findTestObject("MenuTransaksiEntry/span_Inquiry Customer")): Object: 'Object Repository/MenuTransaksiEntry/span_Inquiry Customer' is clicked on

2020-07-15 16:42:40 - [MESSAGE][PASSED] - Object: 'Object Repository/MenuTransaksiEntry/span_Inquiry Customer' is clicked on]]></system-out>
         <system-err><![CDATA[]]></system-err>
      </testcase>
      <testcase name="Test Cases/TC InquiryCustomer" time="4.23" classname="Test Cases/TC InquiryCustomer" status="PASSED">
         <system-out><![CDATA[2020-07-15 16:42:40 - [TEST_CASE][PASSED] - Test Cases/TC InquiryCustomer: Test Cases/TC InquiryCustomer

2020-07-15 16:42:40 - [TEST_STEP][PASSED] - click(findTestObject("Inquiry Customer/input_Search By_ctl00BodyContentrpSearchcmbSearchByField")): Object: 'Object Repository/Inquiry Customer/input_Search By_ctl00BodyContentrpSearchcmbSearchByField' is clicked on

2020-07-15 16:42:41 - [MESSAGE][PASSED] - Object: 'Object Repository/Inquiry Customer/input_Search By_ctl00BodyContentrpSearchcmbSearchByField' is clicked on

2020-07-15 16:42:41 - [TEST_STEP][PASSED] - setText(findTestObject("Inquiry Customer/input_Search By_ctl00BodyContentrpSearchcmbSearchByField"), "Full Name"): Text 'Full Name' is set on object 'Object Repository/Inquiry Customer/input_Search By_ctl00BodyContentrpSearchcmbSearchByField'

2020-07-15 16:42:42 - [MESSAGE][PASSED] - Text 'Full Name' is set on object 'Object Repository/Inquiry Customer/input_Search By_ctl00BodyContentrpSearchcmbSearchByField'

2020-07-15 16:42:42 - [TEST_STEP][PASSED] - sendKeys(findTestObject("Inquiry Customer/input_Search By_ctl00BodyContentrpSearchcmbSearchByField"), Keys.chord(ENTER)): Keys 'ENTER + ' sent to object: 'Object Repository/Inquiry Customer/input_Search By_ctl00BodyContentrpSearchcmbSearchByField'

2020-07-15 16:42:42 - [MESSAGE][PASSED] - Keys 'ENTER + ' sent to object: 'Object Repository/Inquiry Customer/input_Search By_ctl00BodyContentrpSearchcmbSearchByField'

2020-07-15 16:42:42 - [TEST_STEP][PASSED] - click(findTestObject("Inquiry Customer/input_SID_ctl00BodyContentrpSearchtxtSearchByValue")): Object: 'Object Repository/Inquiry Customer/input_SID_ctl00BodyContentrpSearchtxtSearchByValue' is clicked on

2020-07-15 16:42:43 - [MESSAGE][PASSED] - Object: 'Object Repository/Inquiry Customer/input_SID_ctl00BodyContentrpSearchtxtSearchByValue' is clicked on

2020-07-15 16:42:43 - [TEST_STEP][PASSED] - setText(findTestObject("Inquiry Customer/input_SID_ctl00BodyContentrpSearchtxtSearchByValue"), "Novianty"): Text 'Novianty' is set on object 'Object Repository/Inquiry Customer/input_SID_ctl00BodyContentrpSearchtxtSearchByValue'

2020-07-15 16:42:43 - [MESSAGE][PASSED] - Text 'Novianty' is set on object 'Object Repository/Inquiry Customer/input_SID_ctl00BodyContentrpSearchtxtSearchByValue'

2020-07-15 16:42:43 - [TEST_STEP][PASSED] - sendKeys(findTestObject("Inquiry Customer/input_SID_ctl00BodyContentrpSearchtxtSearchByValue"), Keys.chord(ENTER)): Keys 'ENTER + ' sent to object: 'Object Repository/Inquiry Customer/input_SID_ctl00BodyContentrpSearchtxtSearchByValue'

2020-07-15 16:42:44 - [MESSAGE][PASSED] - Keys 'ENTER + ' sent to object: 'Object Repository/Inquiry Customer/input_SID_ctl00BodyContentrpSearchtxtSearchByValue']]></system-out>
         <system-err><![CDATA[]]></system-err>
      </testcase>
      <system-out><![CDATA[2020-07-15 16:42:23 - [TEST_SUITE][PASSED] - TS Entry Transaksi: Test Cases/TC InquiryCustomer]]></system-out>
      <system-err><![CDATA[]]></system-err>
   </testsuite>
</testsuites>
